Release 14.7 - xst P.20131013 (nt64)
Copyright (c) 1995-2013 Xilinx, Inc.  All rights reserved.
--> Parameter TMPDIR set to xst/projnav.tmp


Total REAL time to Xst completion: 0.00 secs
Total CPU time to Xst completion: 0.08 secs
 
--> Parameter xsthdpdir set to xst


Total REAL time to Xst completion: 0.00 secs
Total CPU time to Xst completion: 0.08 secs
 
--> Reading design: data_gen.prj

TABLE OF CONTENTS
  1) Synthesis Options Summary
  2) HDL Compilation
  3) Design Hierarchy Analysis
  4) HDL Analysis
  5) HDL Synthesis
     5.1) HDL Synthesis Report
  6) Advanced HDL Synthesis
     6.1) Advanced HDL Synthesis Report
  7) Low Level Synthesis
  8) Partition Report
  9) Final Report
	9.1) Device utilization summary
	9.2) Partition Resource Summary
	9.3) TIMING REPORT


=========================================================================
*                      Synthesis Options Summary                        *
=========================================================================
---- Source Parameters
Input File Name                    : "data_gen.prj"
Input Format                       : mixed
Ignore Synthesis Constraint File   : NO

---- Target Parameters
Output File Name                   : "data_gen"
Output Format                      : NGC
Target Device                      : xc3s700an-4-fgg484

---- Source Options
Top Module Name                    : data_gen
Automatic FSM Extraction           : YES
FSM Encoding Algorithm             : Auto
Safe Implementation                : No
FSM Style                          : LUT
RAM Extraction                     : Yes
RAM Style                          : Auto
ROM Extraction                     : Yes
Mux Style                          : Auto
Decoder Extraction                 : YES
Priority Encoder Extraction        : Yes
Shift Register Extraction          : YES
Logical Shifter Extraction         : YES
XOR Collapsing                     : YES
ROM Style                          : Auto
Mux Extraction                     : Yes
Resource Sharing                   : YES
Asynchronous To Synchronous        : NO
Multiplier Style                   : Auto
Automatic Register Balancing       : No

---- Target Options
Add IO Buffers                     : YES
Global Maximum Fanout              : 100000
Add Generic Clock Buffer(BUFG)     : 24
Register Duplication               : YES
Slice Packing                      : YES
Optimize Instantiated Primitives   : NO
Use Clock Enable                   : Yes
Use Synchronous Set                : Yes
Use Synchronous Reset              : Yes
Pack IO Registers into IOBs        : Auto
Equivalent register Removal        : YES

---- General Options
Optimization Goal                  : Speed
Optimization Effort                : 1
Keep Hierarchy                     : No
Netlist Hierarchy                  : As_Optimized
RTL Output                         : Yes
Global Optimization                : AllClockNets
Read Cores                         : YES
Write Timing Constraints           : NO
Cross Clock Analysis               : NO
Hierarchy Separator                : /
Bus Delimiter                      : <>
Case Specifier                     : Maintain
Slice Utilization Ratio            : 100
BRAM Utilization Ratio             : 100
Verilog 2001                       : YES
Auto BRAM Packing                  : NO
Slice Utilization Ratio Delta      : 5

=========================================================================


=========================================================================
*                          HDL Compilation                              *
=========================================================================
Compiling vhdl file "F:/test/constants.vhd" in Library work.
Architecture constants of Entity constants is up to date.
Compiling vhdl file "F:/test/register.vhd" in Library work.
Architecture behavioral of Entity register_t is up to date.
Compiling vhdl file "F:/test/data_gen.vhd" in Library work.
Architecture behavioral of Entity data_gen is up to date.

=========================================================================
*                     Design Hierarchy Analysis                         *
=========================================================================
Analyzing hierarchy for entity <data_gen> in library <work> (architecture <behavioral>) with generics.
	Nreg = 4

Analyzing hierarchy for entity <register_t> in library <work> (architecture <behavioral>).


=========================================================================
*                            HDL Analysis                               *
=========================================================================
Analyzing generic Entity <data_gen> in library <work> (Architecture <behavioral>).
	Nreg = 4
Entity <data_gen> analyzed. Unit <data_gen> generated.

Analyzing Entity <register_t> in library <work> (Architecture <behavioral>).
Entity <register_t> analyzed. Unit <register_t> generated.


=========================================================================
*                           HDL Synthesis                               *
=========================================================================

Performing bidirectional port resolution...

Synthesizing Unit <register_t>.
    Related source file is "F:/test/register.vhd".
    Found 1-bit register for signal <Q>.
    Summary:
	inferred   1 D-type flip-flop(s).
Unit <register_t> synthesized.


Synthesizing Unit <data_gen>.
    Related source file is "F:/test/data_gen.vhd".
    Found 1-bit xor2 for signal <sig_xor>.
Unit <data_gen> synthesized.


=========================================================================
HDL Synthesis Report

Macro Statistics
# Registers                                            : 4
 1-bit register                                        : 4
# Xors                                                 : 1
 1-bit xor2                                            : 1

=========================================================================

=========================================================================
*                       Advanced HDL Synthesis                          *
=========================================================================


=========================================================================
Advanced HDL Synthesis Report

Macro Statistics
# Registers                                            : 4
 Flip-Flops                                            : 4
# Xors                                                 : 1
 1-bit xor2                                            : 1

=========================================================================

=========================================================================
*                         Low Level Synthesis                           *
=========================================================================

Optimizing unit <data_gen> ...

Mapping all equations...
Building and optimizing final netlist ...
Found area constraint ratio of 100 (+ 5) on block data_gen, actual ratio is 0.

Final Macro Processing ...

=========================================================================
Final Register Report

Macro Statistics
# Registers                                            : 4
 Flip-Flops                                            : 4

=========================================================================

=========================================================================
*                           Partition Report                            *
=========================================================================

Partition Implementation Status
-------------------------------

  No Partitions were found in this design.

-------------------------------

=========================================================================
*                            Final Report                               *
=========================================================================
Final Results
RTL Top Level Output File Name     : data_gen.ngr
Top Level Output File Name         : data_gen
Output Format                      : NGC
Optimization Goal                  : Speed
Keep Hierarchy                     : No

Design Statistics
# IOs                              : 4

Cell Usage :
# BELS                             : 2
#      LUT2                        : 1
#      LUT4                        : 1
# FlipFlops/Latches                : 4
#      FDP                         : 4
# Clock Buffers                    : 1
#      BUFGP                       : 1
# IO Buffers                       : 3
#      IBUF                        : 1
#      OBUF                        : 2
=========================================================================

Device utilization summary:
---------------------------

Selected Device : 3s700anfgg484-4 

 Number of Slices:                        2  out of   5888     0%  
 Number of Slice Flip Flops:              4  out of  11776     0%  
 Number of 4 input LUTs:                  2  out of  11776     0%  
 Number of IOs:                           4
 Number of bonded IOBs:                   4  out of    372     1%  
 Number of GCLKs:                         1  out of     24     4%  

---------------------------
Partition Resource Summary:
---------------------------

  No Partitions were found in this design.

---------------------------


=========================================================================
TIMING REPORT

NOTE: THESE TIMING NUMBERS ARE ONLY A SYNTHESIS ESTIMATE.
      FOR ACCURATE TIMING INFORMATION PLEASE REFER TO THE TRACE REPORT
      GENERATED AFTER PLACE-and-ROUTE.

Clock Information:
------------------
-----------------------------------+------------------------+-------+
Clock Signal                       | Clock buffer(FF name)  | Load  |
-----------------------------------+------------------------+-------+
clk                                | BUFGP                  | 4     |
-----------------------------------+------------------------+-------+

Asynchronous Control Signals Information:
----------------------------------------
-----------------------------------+------------------------+-------+
Control Signal                     | Buffer(FF name)        | Load  |
-----------------------------------+------------------------+-------+
reset                              | IBUF                   | 4     |
-----------------------------------+------------------------+-------+

Timing Summary:
---------------
Speed Grade: -4

   Minimum period: 2.165ns (Maximum Frequency: 461.894MHz)
   Minimum input arrival time before clock: No path found
   Maximum output required time after clock: 6.785ns
   Maximum combinational path delay: No path found

Timing Detail:
--------------
All values displayed in nanoseconds (ns)

=========================================================================
Timing constraint: Default period analysis for Clock 'clk'
  Clock period: 2.165ns (frequency: 461.894MHz)
  Total number of paths / destination ports: 5 / 4
-------------------------------------------------------------------------
Delay:               2.165ns (Levels of Logic = 1)
  Source:            Data_generator[3].Regs.Reg/Q (FF)
  Destination:       Data_generator[0].Reg00.Reg0/Q (FF)
  Source Clock:      clk rising
  Destination Clock: clk rising

  Data Path: Data_generator[3].Regs.Reg/Q to Data_generator[0].Reg00.Reg0/Q
                                Gate     Net
    Cell:in->out      fanout   Delay   Delay  Logical Name (Net Name)
    ----------------------------------------  ------------
     FDP:C->Q              3   0.591   0.674  Data_generator[3].Regs.Reg/Q (Data_generator[3].Regs.Reg/Q)
     LUT2:I0->O            1   0.648   0.000  Mxor_sig_xor_Result1 (sig_xor)
     FDP:D                     0.252          Data_generator[0].Reg00.Reg0/Q
    ----------------------------------------
    Total                      2.165ns (1.491ns logic, 0.674ns route)
                                       (68.9% logic, 31.1% route)

=========================================================================
Timing constraint: Default OFFSET OUT AFTER for Clock 'clk'
  Total number of paths / destination ports: 5 / 2
-------------------------------------------------------------------------
Offset:              6.785ns (Levels of Logic = 2)
  Source:            Data_generator[3].Regs.Reg/Q (FF)
  Destination:       sync (PAD)
  Source Clock:      clk rising

  Data Path: Data_generator[3].Regs.Reg/Q to sync
                                Gate     Net
    Cell:in->out      fanout   Delay   Delay  Logical Name (Net Name)
    ----------------------------------------  ------------
     FDP:C->Q              3   0.591   0.611  Data_generator[3].Regs.Reg/Q (Data_generator[3].Regs.Reg/Q)
     LUT4:I1->O            1   0.643   0.420  sync1 (sync_OBUF)
     OBUF:I->O                 4.520          sync_OBUF (sync)
    ----------------------------------------
    Total                      6.785ns (5.754ns logic, 1.031ns route)
                                       (84.8% logic, 15.2% route)

=========================================================================


Total REAL time to Xst completion: 3.00 secs
Total CPU time to Xst completion: 3.19 secs
 
--> 

Total memory usage is 4515268 kilobytes

Number of errors   :    0 (   0 filtered)
Number of warnings :    0 (   0 filtered)
Number of infos    :    0 (   0 filtered)

